2024-09-24 18:27:13,256 [Worker-6: Loading available Gradle versions] INFO  o.e.b.c.i.u.g.PublishedGradleVersions - Gradle version information cache is up-to-date. Trying to read.
2024-09-24 20:53:17,808 [Worker-2: Loading available Gradle versions] INFO  o.e.b.c.i.u.g.PublishedGradleVersions - Gradle version information cache is out-of-date. Trying to update.
2024-09-24 20:55:26,599 [ModalContext] INFO  o.e.m.c.i.e.AbstractTransferListenerAdapter - Downloading https://repo.maven.apache.org/maven2/am/ik/archetype/elm-spring-boot-blank-archetype/0.0.3/elm-spring-boot-blank-archetype-0.0.3.pom
2024-09-24 20:55:26,606 [ModalContext] INFO  o.e.m.c.i.e.AbstractTransferListenerAdapter - Downloaded https://repo.maven.apache.org/maven2/am/ik/archetype/elm-spring-boot-blank-archetype/0.0.3/elm-spring-boot-blank-archetype-0.0.3.pom
2024-09-24 20:55:26,655 [ModalContext] INFO  o.e.m.c.i.e.AbstractTransferListenerAdapter - Downloading https://repo.maven.apache.org/maven2/am/ik/archetype/elm-spring-boot-blank-archetype/0.0.3/elm-spring-boot-blank-archetype-0.0.3.jar
2024-09-24 20:55:26,683 [ModalContext] INFO  o.e.m.c.i.e.AbstractTransferListenerAdapter - Downloaded https://repo.maven.apache.org/maven2/am/ik/archetype/elm-spring-boot-blank-archetype/0.0.3/elm-spring-boot-blank-archetype-0.0.3.jar
2024-09-24 20:56:36,853 [ModalContext] INFO  o.e.m.c.i.e.AbstractTransferListenerAdapter - Downloading https://repo.maven.apache.org/maven2/am/ik/archetype/elm-spring-boot-blank-archetype/0.0.1/elm-spring-boot-blank-archetype-0.0.1.pom
2024-09-24 20:56:36,854 [ModalContext] INFO  o.e.m.c.i.e.AbstractTransferListenerAdapter - Downloaded https://repo.maven.apache.org/maven2/am/ik/archetype/elm-spring-boot-blank-archetype/0.0.1/elm-spring-boot-blank-archetype-0.0.1.pom
2024-09-24 20:56:37,069 [ModalContext] INFO  o.e.m.c.i.e.AbstractTransferListenerAdapter - Downloading https://repo.maven.apache.org/maven2/am/ik/archetype/elm-spring-boot-blank-archetype/0.0.1/elm-spring-boot-blank-archetype-0.0.1.jar
2024-09-24 20:56:37,097 [ModalContext] INFO  o.e.m.c.i.e.AbstractTransferListenerAdapter - Downloaded https://repo.maven.apache.org/maven2/am/ik/archetype/elm-spring-boot-blank-archetype/0.0.1/elm-spring-boot-blank-archetype-0.0.1.jar
2024-09-24 20:56:52,630 [Worker-34: Launching mavenrun-cfda3c2d-7f3b-4035-a41b-316e83abe27e] INFO  o.eclipse.m2e.core.internal.Bundles - getClasspathEntries(Bundle=org.eclipse.m2e.maven.runtime_3.9.900.20240824-1409 [354])
2024-09-24 20:56:52,631 [Worker-34: Launching mavenrun-cfda3c2d-7f3b-4035-a41b-316e83abe27e] INFO  o.eclipse.m2e.core.internal.Bundles - 	Entry: /opt/eclipse/plugins/org.eclipse.m2e.maven.runtime_3.9.900.20240824-1409
2024-09-24 20:56:52,631 [Worker-34: Launching mavenrun-cfda3c2d-7f3b-4035-a41b-316e83abe27e] INFO  o.eclipse.m2e.core.internal.Bundles - 	Entry: /opt/eclipse/plugins/org.eclipse.m2e.maven.runtime_3.9.900.20240824-1409/jars/aopalliance-1.0.jar
2024-09-24 20:56:52,632 [Worker-34: Launching mavenrun-cfda3c2d-7f3b-4035-a41b-316e83abe27e] INFO  o.eclipse.m2e.core.internal.Bundles - 	Entry: /opt/eclipse/plugins/org.eclipse.m2e.maven.runtime_3.9.900.20240824-1409/jars/guice-5.1.0.jar
2024-09-24 20:56:52,632 [Worker-34: Launching mavenrun-cfda3c2d-7f3b-4035-a41b-316e83abe27e] INFO  o.eclipse.m2e.core.internal.Bundles - 	Entry: /opt/eclipse/plugins/org.eclipse.m2e.maven.runtime_3.9.900.20240824-1409/jars/httpclient-4.5.14.jar
2024-09-24 20:56:52,632 [Worker-34: Launching mavenrun-cfda3c2d-7f3b-4035-a41b-316e83abe27e] INFO  o.eclipse.m2e.core.internal.Bundles - 	Entry: /opt/eclipse/plugins/org.eclipse.m2e.maven.runtime_3.9.900.20240824-1409/jars/httpcore-4.4.16.jar
2024-09-24 20:56:52,632 [Worker-34: Launching mavenrun-cfda3c2d-7f3b-4035-a41b-316e83abe27e] INFO  o.eclipse.m2e.core.internal.Bundles - 	Entry: /opt/eclipse/plugins/org.eclipse.m2e.maven.runtime_3.9.900.20240824-1409/jars/jansi-2.4.1.jar
2024-09-24 20:56:52,632 [Worker-34: Launching mavenrun-cfda3c2d-7f3b-4035-a41b-316e83abe27e] INFO  o.eclipse.m2e.core.internal.Bundles - 	Entry: /opt/eclipse/plugins/org.eclipse.m2e.maven.runtime_3.9.900.20240824-1409/jars/jcl-over-slf4j-1.7.36.jar
2024-09-24 20:56:52,632 [Worker-34: Launching mavenrun-cfda3c2d-7f3b-4035-a41b-316e83abe27e] INFO  o.eclipse.m2e.core.internal.Bundles - 	Entry: /opt/eclipse/plugins/org.eclipse.m2e.maven.runtime_3.9.900.20240824-1409/jars/maven-artifact-3.9.9.jar
2024-09-24 20:56:52,632 [Worker-34: Launching mavenrun-cfda3c2d-7f3b-4035-a41b-316e83abe27e] INFO  o.eclipse.m2e.core.internal.Bundles - 	Entry: /opt/eclipse/plugins/org.eclipse.m2e.maven.runtime_3.9.900.20240824-1409/jars/maven-builder-support-3.9.9.jar
2024-09-24 20:56:52,632 [Worker-34: Launching mavenrun-cfda3c2d-7f3b-4035-a41b-316e83abe27e] INFO  o.eclipse.m2e.core.internal.Bundles - 	Entry: /opt/eclipse/plugins/org.eclipse.m2e.maven.runtime_3.9.900.20240824-1409/jars/maven-compat-3.9.9.jar
2024-09-24 20:56:52,632 [Worker-34: Launching mavenrun-cfda3c2d-7f3b-4035-a41b-316e83abe27e] INFO  o.eclipse.m2e.core.internal.Bundles - 	Entry: /opt/eclipse/plugins/org.eclipse.m2e.maven.runtime_3.9.900.20240824-1409/jars/maven-core-3.9.9.jar
2024-09-24 20:56:52,632 [Worker-34: Launching mavenrun-cfda3c2d-7f3b-4035-a41b-316e83abe27e] INFO  o.eclipse.m2e.core.internal.Bundles - 	Entry: /opt/eclipse/plugins/org.eclipse.m2e.maven.runtime_3.9.900.20240824-1409/jars/maven-embedder-3.9.9.jar
2024-09-24 20:56:52,632 [Worker-34: Launching mavenrun-cfda3c2d-7f3b-4035-a41b-316e83abe27e] INFO  o.eclipse.m2e.core.internal.Bundles - 	Entry: /opt/eclipse/plugins/org.eclipse.m2e.maven.runtime_3.9.900.20240824-1409/jars/maven-model-3.9.9.jar
2024-09-24 20:56:52,632 [Worker-34: Launching mavenrun-cfda3c2d-7f3b-4035-a41b-316e83abe27e] INFO  o.eclipse.m2e.core.internal.Bundles - 	Entry: /opt/eclipse/plugins/org.eclipse.m2e.maven.runtime_3.9.900.20240824-1409/jars/maven-model-builder-3.9.9.jar
2024-09-24 20:56:52,632 [Worker-34: Launching mavenrun-cfda3c2d-7f3b-4035-a41b-316e83abe27e] INFO  o.eclipse.m2e.core.internal.Bundles - 	Entry: /opt/eclipse/plugins/org.eclipse.m2e.maven.runtime_3.9.900.20240824-1409/jars/maven-plugin-api-3.9.9.jar
2024-09-24 20:56:52,632 [Worker-34: Launching mavenrun-cfda3c2d-7f3b-4035-a41b-316e83abe27e] INFO  o.eclipse.m2e.core.internal.Bundles - 	Entry: /opt/eclipse/plugins/org.eclipse.m2e.maven.runtime_3.9.900.20240824-1409/jars/maven-repository-metadata-3.9.9.jar
2024-09-24 20:56:52,632 [Worker-34: Launching mavenrun-cfda3c2d-7f3b-4035-a41b-316e83abe27e] INFO  o.eclipse.m2e.core.internal.Bundles - 	Entry: /opt/eclipse/plugins/org.eclipse.m2e.maven.runtime_3.9.900.20240824-1409/jars/maven-resolver-api-1.9.22.jar
2024-09-24 20:56:52,632 [Worker-34: Launching mavenrun-cfda3c2d-7f3b-4035-a41b-316e83abe27e] INFO  o.eclipse.m2e.core.internal.Bundles - 	Entry: /opt/eclipse/plugins/org.eclipse.m2e.maven.runtime_3.9.900.20240824-1409/jars/maven-resolver-connector-basic-1.9.22.jar
2024-09-24 20:56:52,632 [Worker-34: Launching mavenrun-cfda3c2d-7f3b-4035-a41b-316e83abe27e] INFO  o.eclipse.m2e.core.internal.Bundles - 	Entry: /opt/eclipse/plugins/org.eclipse.m2e.maven.runtime_3.9.900.20240824-1409/jars/maven-resolver-impl-1.9.22.jar
2024-09-24 20:56:52,632 [Worker-34: Launching mavenrun-cfda3c2d-7f3b-4035-a41b-316e83abe27e] INFO  o.eclipse.m2e.core.internal.Bundles - 	Entry: /opt/eclipse/plugins/org.eclipse.m2e.maven.runtime_3.9.900.20240824-1409/jars/maven-resolver-named-locks-1.9.22.jar
2024-09-24 20:56:52,632 [Worker-34: Launching mavenrun-cfda3c2d-7f3b-4035-a41b-316e83abe27e] INFO  o.eclipse.m2e.core.internal.Bundles - 	Entry: /opt/eclipse/plugins/org.eclipse.m2e.maven.runtime_3.9.900.20240824-1409/jars/maven-resolver-provider-3.9.9.jar
2024-09-24 20:56:52,632 [Worker-34: Launching mavenrun-cfda3c2d-7f3b-4035-a41b-316e83abe27e] INFO  o.eclipse.m2e.core.internal.Bundles - 	Entry: /opt/eclipse/plugins/org.eclipse.m2e.maven.runtime_3.9.900.20240824-1409/jars/maven-resolver-spi-1.9.22.jar
2024-09-24 20:56:52,632 [Worker-34: Launching mavenrun-cfda3c2d-7f3b-4035-a41b-316e83abe27e] INFO  o.eclipse.m2e.core.internal.Bundles - 	Entry: /opt/eclipse/plugins/org.eclipse.m2e.maven.runtime_3.9.900.20240824-1409/jars/maven-resolver-transport-file-1.9.22.jar
2024-09-24 20:56:52,632 [Worker-34: Launching mavenrun-cfda3c2d-7f3b-4035-a41b-316e83abe27e] INFO  o.eclipse.m2e.core.internal.Bundles - 	Entry: /opt/eclipse/plugins/org.eclipse.m2e.maven.runtime_3.9.900.20240824-1409/jars/maven-resolver-transport-http-1.9.22.jar
2024-09-24 20:56:52,632 [Worker-34: Launching mavenrun-cfda3c2d-7f3b-4035-a41b-316e83abe27e] INFO  o.eclipse.m2e.core.internal.Bundles - 	Entry: /opt/eclipse/plugins/org.eclipse.m2e.maven.runtime_3.9.900.20240824-1409/jars/maven-resolver-transport-wagon-1.9.22.jar
2024-09-24 20:56:52,632 [Worker-34: Launching mavenrun-cfda3c2d-7f3b-4035-a41b-316e83abe27e] INFO  o.eclipse.m2e.core.internal.Bundles - 	Entry: /opt/eclipse/plugins/org.eclipse.m2e.maven.runtime_3.9.900.20240824-1409/jars/maven-resolver-util-1.9.22.jar
2024-09-24 20:56:52,633 [Worker-34: Launching mavenrun-cfda3c2d-7f3b-4035-a41b-316e83abe27e] INFO  o.eclipse.m2e.core.internal.Bundles - 	Entry: /opt/eclipse/plugins/org.eclipse.m2e.maven.runtime_3.9.900.20240824-1409/jars/maven-settings-3.9.9.jar
2024-09-24 20:56:52,633 [Worker-34: Launching mavenrun-cfda3c2d-7f3b-4035-a41b-316e83abe27e] INFO  o.eclipse.m2e.core.internal.Bundles - 	Entry: /opt/eclipse/plugins/org.eclipse.m2e.maven.runtime_3.9.900.20240824-1409/jars/maven-settings-builder-3.9.9.jar
2024-09-24 20:56:52,633 [Worker-34: Launching mavenrun-cfda3c2d-7f3b-4035-a41b-316e83abe27e] INFO  o.eclipse.m2e.core.internal.Bundles - 	Entry: /opt/eclipse/plugins/org.eclipse.m2e.maven.runtime_3.9.900.20240824-1409/jars/maven-shared-utils-3.4.2.jar
2024-09-24 20:56:52,633 [Worker-34: Launching mavenrun-cfda3c2d-7f3b-4035-a41b-316e83abe27e] INFO  o.eclipse.m2e.core.internal.Bundles - 	Entry: /opt/eclipse/plugins/org.eclipse.m2e.maven.runtime_3.9.900.20240824-1409/jars/org.eclipse.sisu.inject-0.9.0.M3.jar
2024-09-24 20:56:52,633 [Worker-34: Launching mavenrun-cfda3c2d-7f3b-4035-a41b-316e83abe27e] INFO  o.eclipse.m2e.core.internal.Bundles - 	Entry: /opt/eclipse/plugins/org.eclipse.m2e.maven.runtime_3.9.900.20240824-1409/jars/org.eclipse.sisu.plexus-0.9.0.M3.jar
2024-09-24 20:56:52,633 [Worker-34: Launching mavenrun-cfda3c2d-7f3b-4035-a41b-316e83abe27e] INFO  o.eclipse.m2e.core.internal.Bundles - 	Entry: /opt/eclipse/plugins/org.eclipse.m2e.maven.runtime_3.9.900.20240824-1409/jars/plexus-build-api-0.0.7.jar
2024-09-24 20:56:52,633 [Worker-34: Launching mavenrun-cfda3c2d-7f3b-4035-a41b-316e83abe27e] INFO  o.eclipse.m2e.core.internal.Bundles - 	Entry: /opt/eclipse/plugins/org.eclipse.m2e.maven.runtime_3.9.900.20240824-1409/jars/plexus-build-api-1.2.0.jar
2024-09-24 20:56:52,633 [Worker-34: Launching mavenrun-cfda3c2d-7f3b-4035-a41b-316e83abe27e] INFO  o.eclipse.m2e.core.internal.Bundles - 	Entry: /opt/eclipse/plugins/org.eclipse.m2e.maven.runtime_3.9.900.20240824-1409/jars/plexus-cipher-2.0.jar
2024-09-24 20:56:52,633 [Worker-34: Launching mavenrun-cfda3c2d-7f3b-4035-a41b-316e83abe27e] INFO  o.eclipse.m2e.core.internal.Bundles - 	Entry: /opt/eclipse/plugins/org.eclipse.m2e.maven.runtime_3.9.900.20240824-1409/jars/plexus-classworlds-2.8.0.jar
2024-09-24 20:56:52,633 [Worker-34: Launching mavenrun-cfda3c2d-7f3b-4035-a41b-316e83abe27e] INFO  o.eclipse.m2e.core.internal.Bundles - 	Entry: /opt/eclipse/plugins/org.eclipse.m2e.maven.runtime_3.9.900.20240824-1409/jars/plexus-component-annotations-2.1.0.jar
2024-09-24 20:56:52,633 [Worker-34: Launching mavenrun-cfda3c2d-7f3b-4035-a41b-316e83abe27e] INFO  o.eclipse.m2e.core.internal.Bundles - 	Entry: /opt/eclipse/plugins/org.eclipse.m2e.maven.runtime_3.9.900.20240824-1409/jars/plexus-interpolation-1.27.jar
2024-09-24 20:56:52,633 [Worker-34: Launching mavenrun-cfda3c2d-7f3b-4035-a41b-316e83abe27e] INFO  o.eclipse.m2e.core.internal.Bundles - 	Entry: /opt/eclipse/plugins/org.eclipse.m2e.maven.runtime_3.9.900.20240824-1409/jars/plexus-sec-dispatcher-2.0.jar
2024-09-24 20:56:52,633 [Worker-34: Launching mavenrun-cfda3c2d-7f3b-4035-a41b-316e83abe27e] INFO  o.eclipse.m2e.core.internal.Bundles - 	Entry: /opt/eclipse/plugins/org.eclipse.m2e.maven.runtime_3.9.900.20240824-1409/jars/plexus-utils-3.5.1.jar
2024-09-24 20:56:52,633 [Worker-34: Launching mavenrun-cfda3c2d-7f3b-4035-a41b-316e83abe27e] INFO  o.eclipse.m2e.core.internal.Bundles - 	Entry: /opt/eclipse/plugins/org.eclipse.m2e.maven.runtime_3.9.900.20240824-1409/jars/plexus-xml-3.0.1.jar
2024-09-24 20:56:52,633 [Worker-34: Launching mavenrun-cfda3c2d-7f3b-4035-a41b-316e83abe27e] INFO  o.eclipse.m2e.core.internal.Bundles - 	Entry: /opt/eclipse/plugins/org.eclipse.m2e.maven.runtime_3.9.900.20240824-1409/jars/wagon-file-3.5.3.jar
2024-09-24 20:56:52,633 [Worker-34: Launching mavenrun-cfda3c2d-7f3b-4035-a41b-316e83abe27e] INFO  o.eclipse.m2e.core.internal.Bundles - 	Entry: /opt/eclipse/plugins/org.eclipse.m2e.maven.runtime_3.9.900.20240824-1409/jars/wagon-http-3.5.3.jar
2024-09-24 20:56:52,633 [Worker-34: Launching mavenrun-cfda3c2d-7f3b-4035-a41b-316e83abe27e] INFO  o.eclipse.m2e.core.internal.Bundles - 	Entry: /opt/eclipse/plugins/org.eclipse.m2e.maven.runtime_3.9.900.20240824-1409/jars/wagon-http-shared-3.5.3.jar
2024-09-24 20:56:52,633 [Worker-34: Launching mavenrun-cfda3c2d-7f3b-4035-a41b-316e83abe27e] INFO  o.eclipse.m2e.core.internal.Bundles - 	Entry: /opt/eclipse/plugins/org.eclipse.m2e.maven.runtime_3.9.900.20240824-1409/jars/wagon-provider-api-3.5.3.jar
2024-09-24 20:56:52,635 [Worker-34: Launching mavenrun-cfda3c2d-7f3b-4035-a41b-316e83abe27e] INFO  o.eclipse.m2e.core.internal.Bundles - getClasspathEntries(Bundle=com.google.guava_33.3.0.jre [16])
2024-09-24 20:56:52,635 [Worker-34: Launching mavenrun-cfda3c2d-7f3b-4035-a41b-316e83abe27e] INFO  o.eclipse.m2e.core.internal.Bundles - 	Entry: /opt/eclipse/plugins/com.google.guava_33.3.0.jre.jar
2024-09-24 20:56:52,635 [Worker-34: Launching mavenrun-cfda3c2d-7f3b-4035-a41b-316e83abe27e] INFO  o.eclipse.m2e.core.internal.Bundles - getClasspathEntries(Bundle=slf4j.api_2.0.16 [635])
2024-09-24 20:56:52,635 [Worker-34: Launching mavenrun-cfda3c2d-7f3b-4035-a41b-316e83abe27e] INFO  o.eclipse.m2e.core.internal.Bundles - 	Entry: /opt/eclipse/plugins/slf4j.api_2.0.16.jar
2024-09-24 20:56:52,635 [Worker-34: Launching mavenrun-cfda3c2d-7f3b-4035-a41b-316e83abe27e] INFO  o.eclipse.m2e.core.internal.Bundles - getClasspathEntries(Bundle=jakarta.inject.jakarta.inject-api_1.0.5 [30])
2024-09-24 20:56:52,635 [Worker-34: Launching mavenrun-cfda3c2d-7f3b-4035-a41b-316e83abe27e] INFO  o.eclipse.m2e.core.internal.Bundles - 	Entry: /opt/eclipse/plugins/jakarta.inject.jakarta.inject-api_1.0.5.jar
2024-09-24 20:56:52,635 [Worker-34: Launching mavenrun-cfda3c2d-7f3b-4035-a41b-316e83abe27e] INFO  o.eclipse.m2e.core.internal.Bundles - getClasspathEntries(Bundle=jakarta.annotation-api_1.3.5 [28])
2024-09-24 20:56:52,635 [Worker-34: Launching mavenrun-cfda3c2d-7f3b-4035-a41b-316e83abe27e] INFO  o.eclipse.m2e.core.internal.Bundles - 	Entry: /opt/eclipse/plugins/jakarta.annotation-api_1.3.5.jar
2024-09-24 20:56:52,635 [Worker-34: Launching mavenrun-cfda3c2d-7f3b-4035-a41b-316e83abe27e] INFO  o.eclipse.m2e.core.internal.Bundles - getClasspathEntries(Bundle=org.apache.commons.cli_1.9.0 [56])
2024-09-24 20:56:52,635 [Worker-34: Launching mavenrun-cfda3c2d-7f3b-4035-a41b-316e83abe27e] INFO  o.eclipse.m2e.core.internal.Bundles - 	Entry: /opt/eclipse/plugins/org.apache.commons.cli_1.9.0.jar
2024-09-24 20:56:52,635 [Worker-34: Launching mavenrun-cfda3c2d-7f3b-4035-a41b-316e83abe27e] INFO  o.eclipse.m2e.core.internal.Bundles - getClasspathEntries(Bundle=org.apache.commons.commons-codec_1.16.0 [59])
2024-09-24 20:56:52,635 [Worker-34: Launching mavenrun-cfda3c2d-7f3b-4035-a41b-316e83abe27e] INFO  o.eclipse.m2e.core.internal.Bundles - 	Entry: /opt/eclipse/plugins/org.apache.commons.commons-codec_1.16.0.jar
2024-09-24 20:56:52,635 [Worker-34: Launching mavenrun-cfda3c2d-7f3b-4035-a41b-316e83abe27e] INFO  o.eclipse.m2e.core.internal.Bundles - getClasspathEntries(Bundle=com.google.guava.failureaccess_1.0.2 [17])
2024-09-24 20:56:52,635 [Worker-34: Launching mavenrun-cfda3c2d-7f3b-4035-a41b-316e83abe27e] INFO  o.eclipse.m2e.core.internal.Bundles - 	Entry: /opt/eclipse/plugins/com.google.guava.failureaccess_1.0.2.jar
2024-09-24 20:56:52,640 [Worker-34: Launching mavenrun-cfda3c2d-7f3b-4035-a41b-316e83abe27e] INFO  o.e.m.i.launch.MavenLaunchDelegate - Run build in "/tmp/m2e-archetypeGenerator3408758899807146968":
2024-09-24 20:56:52,644 [Worker-34: Launching mavenrun-cfda3c2d-7f3b-4035-a41b-316e83abe27e] INFO  o.e.m.i.launch.MavenLaunchDelegate -  mvn  -DarchetypeGroupId=am.ik.archetype -DarchetypeArtifactId=elm-spring-boot-blank-archetype -DarchetypeVersion=0.0.1 -DgroupId=ar.com.educacionit -DartifactId=clase1 -Dversion=0.0.1-SNAPSHOT -Dpackage=ar.com.educacionit.clase1 -DoutputDirectory=/home/fernando/desarrollo/workspaceEucacionIT/clase1 -Dstyle.color=always -U archetype:generate
2024-09-24 21:00:40,225 [ModalContext] INFO  o.e.m.c.i.e.AbstractTransferListenerAdapter - Downloading https://repo.maven.apache.org/maven2/org/apache/maven/archetypes/maven-archetype-plugin-site/1.1/maven-archetype-plugin-site-1.1.pom
2024-09-24 21:00:40,236 [ModalContext] INFO  o.e.m.c.i.e.AbstractTransferListenerAdapter - Downloaded https://repo.maven.apache.org/maven2/org/apache/maven/archetypes/maven-archetype-plugin-site/1.1/maven-archetype-plugin-site-1.1.pom
2024-09-24 21:00:40,270 [ModalContext] INFO  o.e.m.c.i.e.AbstractTransferListenerAdapter - Downloading https://repo.maven.apache.org/maven2/org/apache/maven/archetypes/maven-archetype-bundles/4/maven-archetype-bundles-4.pom
2024-09-24 21:00:40,271 [ModalContext] INFO  o.e.m.c.i.e.AbstractTransferListenerAdapter - Downloaded https://repo.maven.apache.org/maven2/org/apache/maven/archetypes/maven-archetype-bundles/4/maven-archetype-bundles-4.pom
2024-09-24 21:00:40,301 [ModalContext] INFO  o.e.m.c.i.e.AbstractTransferListenerAdapter - Downloading https://repo.maven.apache.org/maven2/org/apache/maven/archetype/maven-archetype/2.0-alpha-5/maven-archetype-2.0-alpha-5.pom
2024-09-24 21:00:40,303 [ModalContext] INFO  o.e.m.c.i.e.AbstractTransferListenerAdapter - Downloaded https://repo.maven.apache.org/maven2/org/apache/maven/archetype/maven-archetype/2.0-alpha-5/maven-archetype-2.0-alpha-5.pom
2024-09-24 21:00:40,341 [ModalContext] INFO  o.e.m.c.i.e.AbstractTransferListenerAdapter - Downloading https://repo.maven.apache.org/maven2/org/apache/maven/archetypes/maven-archetype-plugin-site/1.1/maven-archetype-plugin-site-1.1.jar
2024-09-24 21:00:40,344 [ModalContext] INFO  o.e.m.c.i.e.AbstractTransferListenerAdapter - Downloaded https://repo.maven.apache.org/maven2/org/apache/maven/archetypes/maven-archetype-plugin-site/1.1/maven-archetype-plugin-site-1.1.jar
2024-09-24 21:00:48,005 [Worker-8: Launching mavenrun-c2674fda-7e15-4a9d-b991-e1c9dd754f0f] INFO  o.eclipse.m2e.core.internal.Bundles - getClasspathEntries(Bundle=org.eclipse.m2e.maven.runtime_3.9.900.20240824-1409 [354])
2024-09-24 21:00:48,005 [Worker-8: Launching mavenrun-c2674fda-7e15-4a9d-b991-e1c9dd754f0f] INFO  o.eclipse.m2e.core.internal.Bundles - 	Entry: /opt/eclipse/plugins/org.eclipse.m2e.maven.runtime_3.9.900.20240824-1409
2024-09-24 21:00:48,005 [Worker-8: Launching mavenrun-c2674fda-7e15-4a9d-b991-e1c9dd754f0f] INFO  o.eclipse.m2e.core.internal.Bundles - 	Entry: /opt/eclipse/plugins/org.eclipse.m2e.maven.runtime_3.9.900.20240824-1409/jars/aopalliance-1.0.jar
2024-09-24 21:00:48,005 [Worker-8: Launching mavenrun-c2674fda-7e15-4a9d-b991-e1c9dd754f0f] INFO  o.eclipse.m2e.core.internal.Bundles - 	Entry: /opt/eclipse/plugins/org.eclipse.m2e.maven.runtime_3.9.900.20240824-1409/jars/guice-5.1.0.jar
2024-09-24 21:00:48,006 [Worker-8: Launching mavenrun-c2674fda-7e15-4a9d-b991-e1c9dd754f0f] INFO  o.eclipse.m2e.core.internal.Bundles - 	Entry: /opt/eclipse/plugins/org.eclipse.m2e.maven.runtime_3.9.900.20240824-1409/jars/httpclient-4.5.14.jar
2024-09-24 21:00:48,006 [Worker-8: Launching mavenrun-c2674fda-7e15-4a9d-b991-e1c9dd754f0f] INFO  o.eclipse.m2e.core.internal.Bundles - 	Entry: /opt/eclipse/plugins/org.eclipse.m2e.maven.runtime_3.9.900.20240824-1409/jars/httpcore-4.4.16.jar
2024-09-24 21:00:48,006 [Worker-8: Launching mavenrun-c2674fda-7e15-4a9d-b991-e1c9dd754f0f] INFO  o.eclipse.m2e.core.internal.Bundles - 	Entry: /opt/eclipse/plugins/org.eclipse.m2e.maven.runtime_3.9.900.20240824-1409/jars/jansi-2.4.1.jar
2024-09-24 21:00:48,006 [Worker-8: Launching mavenrun-c2674fda-7e15-4a9d-b991-e1c9dd754f0f] INFO  o.eclipse.m2e.core.internal.Bundles - 	Entry: /opt/eclipse/plugins/org.eclipse.m2e.maven.runtime_3.9.900.20240824-1409/jars/jcl-over-slf4j-1.7.36.jar
2024-09-24 21:00:48,006 [Worker-8: Launching mavenrun-c2674fda-7e15-4a9d-b991-e1c9dd754f0f] INFO  o.eclipse.m2e.core.internal.Bundles - 	Entry: /opt/eclipse/plugins/org.eclipse.m2e.maven.runtime_3.9.900.20240824-1409/jars/maven-artifact-3.9.9.jar
2024-09-24 21:00:48,007 [Worker-8: Launching mavenrun-c2674fda-7e15-4a9d-b991-e1c9dd754f0f] INFO  o.eclipse.m2e.core.internal.Bundles - 	Entry: /opt/eclipse/plugins/org.eclipse.m2e.maven.runtime_3.9.900.20240824-1409/jars/maven-builder-support-3.9.9.jar
2024-09-24 21:00:48,007 [Worker-8: Launching mavenrun-c2674fda-7e15-4a9d-b991-e1c9dd754f0f] INFO  o.eclipse.m2e.core.internal.Bundles - 	Entry: /opt/eclipse/plugins/org.eclipse.m2e.maven.runtime_3.9.900.20240824-1409/jars/maven-compat-3.9.9.jar
2024-09-24 21:00:48,007 [Worker-8: Launching mavenrun-c2674fda-7e15-4a9d-b991-e1c9dd754f0f] INFO  o.eclipse.m2e.core.internal.Bundles - 	Entry: /opt/eclipse/plugins/org.eclipse.m2e.maven.runtime_3.9.900.20240824-1409/jars/maven-core-3.9.9.jar
2024-09-24 21:00:48,007 [Worker-8: Launching mavenrun-c2674fda-7e15-4a9d-b991-e1c9dd754f0f] INFO  o.eclipse.m2e.core.internal.Bundles - 	Entry: /opt/eclipse/plugins/org.eclipse.m2e.maven.runtime_3.9.900.20240824-1409/jars/maven-embedder-3.9.9.jar
2024-09-24 21:00:48,007 [Worker-8: Launching mavenrun-c2674fda-7e15-4a9d-b991-e1c9dd754f0f] INFO  o.eclipse.m2e.core.internal.Bundles - 	Entry: /opt/eclipse/plugins/org.eclipse.m2e.maven.runtime_3.9.900.20240824-1409/jars/maven-model-3.9.9.jar
2024-09-24 21:00:48,008 [Worker-8: Launching mavenrun-c2674fda-7e15-4a9d-b991-e1c9dd754f0f] INFO  o.eclipse.m2e.core.internal.Bundles - 	Entry: /opt/eclipse/plugins/org.eclipse.m2e.maven.runtime_3.9.900.20240824-1409/jars/maven-model-builder-3.9.9.jar
2024-09-24 21:00:48,008 [Worker-8: Launching mavenrun-c2674fda-7e15-4a9d-b991-e1c9dd754f0f] INFO  o.eclipse.m2e.core.internal.Bundles - 	Entry: /opt/eclipse/plugins/org.eclipse.m2e.maven.runtime_3.9.900.20240824-1409/jars/maven-plugin-api-3.9.9.jar
2024-09-24 21:00:48,008 [Worker-8: Launching mavenrun-c2674fda-7e15-4a9d-b991-e1c9dd754f0f] INFO  o.eclipse.m2e.core.internal.Bundles - 	Entry: /opt/eclipse/plugins/org.eclipse.m2e.maven.runtime_3.9.900.20240824-1409/jars/maven-repository-metadata-3.9.9.jar
2024-09-24 21:00:48,008 [Worker-8: Launching mavenrun-c2674fda-7e15-4a9d-b991-e1c9dd754f0f] INFO  o.eclipse.m2e.core.internal.Bundles - 	Entry: /opt/eclipse/plugins/org.eclipse.m2e.maven.runtime_3.9.900.20240824-1409/jars/maven-resolver-api-1.9.22.jar
2024-09-24 21:00:48,008 [Worker-8: Launching mavenrun-c2674fda-7e15-4a9d-b991-e1c9dd754f0f] INFO  o.eclipse.m2e.core.internal.Bundles - 	Entry: /opt/eclipse/plugins/org.eclipse.m2e.maven.runtime_3.9.900.20240824-1409/jars/maven-resolver-connector-basic-1.9.22.jar
2024-09-24 21:00:48,008 [Worker-8: Launching mavenrun-c2674fda-7e15-4a9d-b991-e1c9dd754f0f] INFO  o.eclipse.m2e.core.internal.Bundles - 	Entry: /opt/eclipse/plugins/org.eclipse.m2e.maven.runtime_3.9.900.20240824-1409/jars/maven-resolver-impl-1.9.22.jar
2024-09-24 21:00:48,008 [Worker-8: Launching mavenrun-c2674fda-7e15-4a9d-b991-e1c9dd754f0f] INFO  o.eclipse.m2e.core.internal.Bundles - 	Entry: /opt/eclipse/plugins/org.eclipse.m2e.maven.runtime_3.9.900.20240824-1409/jars/maven-resolver-named-locks-1.9.22.jar
2024-09-24 21:00:48,009 [Worker-8: Launching mavenrun-c2674fda-7e15-4a9d-b991-e1c9dd754f0f] INFO  o.eclipse.m2e.core.internal.Bundles - 	Entry: /opt/eclipse/plugins/org.eclipse.m2e.maven.runtime_3.9.900.20240824-1409/jars/maven-resolver-provider-3.9.9.jar
2024-09-24 21:00:48,009 [Worker-8: Launching mavenrun-c2674fda-7e15-4a9d-b991-e1c9dd754f0f] INFO  o.eclipse.m2e.core.internal.Bundles - 	Entry: /opt/eclipse/plugins/org.eclipse.m2e.maven.runtime_3.9.900.20240824-1409/jars/maven-resolver-spi-1.9.22.jar
2024-09-24 21:00:48,009 [Worker-8: Launching mavenrun-c2674fda-7e15-4a9d-b991-e1c9dd754f0f] INFO  o.eclipse.m2e.core.internal.Bundles - 	Entry: /opt/eclipse/plugins/org.eclipse.m2e.maven.runtime_3.9.900.20240824-1409/jars/maven-resolver-transport-file-1.9.22.jar
2024-09-24 21:00:48,009 [Worker-8: Launching mavenrun-c2674fda-7e15-4a9d-b991-e1c9dd754f0f] INFO  o.eclipse.m2e.core.internal.Bundles - 	Entry: /opt/eclipse/plugins/org.eclipse.m2e.maven.runtime_3.9.900.20240824-1409/jars/maven-resolver-transport-http-1.9.22.jar
2024-09-24 21:00:48,009 [Worker-8: Launching mavenrun-c2674fda-7e15-4a9d-b991-e1c9dd754f0f] INFO  o.eclipse.m2e.core.internal.Bundles - 	Entry: /opt/eclipse/plugins/org.eclipse.m2e.maven.runtime_3.9.900.20240824-1409/jars/maven-resolver-transport-wagon-1.9.22.jar
2024-09-24 21:00:48,009 [Worker-8: Launching mavenrun-c2674fda-7e15-4a9d-b991-e1c9dd754f0f] INFO  o.eclipse.m2e.core.internal.Bundles - 	Entry: /opt/eclipse/plugins/org.eclipse.m2e.maven.runtime_3.9.900.20240824-1409/jars/maven-resolver-util-1.9.22.jar
2024-09-24 21:00:48,010 [Worker-8: Launching mavenrun-c2674fda-7e15-4a9d-b991-e1c9dd754f0f] INFO  o.eclipse.m2e.core.internal.Bundles - 	Entry: /opt/eclipse/plugins/org.eclipse.m2e.maven.runtime_3.9.900.20240824-1409/jars/maven-settings-3.9.9.jar
2024-09-24 21:00:48,010 [Worker-8: Launching mavenrun-c2674fda-7e15-4a9d-b991-e1c9dd754f0f] INFO  o.eclipse.m2e.core.internal.Bundles - 	Entry: /opt/eclipse/plugins/org.eclipse.m2e.maven.runtime_3.9.900.20240824-1409/jars/maven-settings-builder-3.9.9.jar
2024-09-24 21:00:48,010 [Worker-8: Launching mavenrun-c2674fda-7e15-4a9d-b991-e1c9dd754f0f] INFO  o.eclipse.m2e.core.internal.Bundles - 	Entry: /opt/eclipse/plugins/org.eclipse.m2e.maven.runtime_3.9.900.20240824-1409/jars/maven-shared-utils-3.4.2.jar
2024-09-24 21:00:48,010 [Worker-8: Launching mavenrun-c2674fda-7e15-4a9d-b991-e1c9dd754f0f] INFO  o.eclipse.m2e.core.internal.Bundles - 	Entry: /opt/eclipse/plugins/org.eclipse.m2e.maven.runtime_3.9.900.20240824-1409/jars/org.eclipse.sisu.inject-0.9.0.M3.jar
2024-09-24 21:00:48,010 [Worker-8: Launching mavenrun-c2674fda-7e15-4a9d-b991-e1c9dd754f0f] INFO  o.eclipse.m2e.core.internal.Bundles - 	Entry: /opt/eclipse/plugins/org.eclipse.m2e.maven.runtime_3.9.900.20240824-1409/jars/org.eclipse.sisu.plexus-0.9.0.M3.jar
2024-09-24 21:00:48,010 [Worker-8: Launching mavenrun-c2674fda-7e15-4a9d-b991-e1c9dd754f0f] INFO  o.eclipse.m2e.core.internal.Bundles - 	Entry: /opt/eclipse/plugins/org.eclipse.m2e.maven.runtime_3.9.900.20240824-1409/jars/plexus-build-api-0.0.7.jar
2024-09-24 21:00:48,011 [Worker-8: Launching mavenrun-c2674fda-7e15-4a9d-b991-e1c9dd754f0f] INFO  o.eclipse.m2e.core.internal.Bundles - 	Entry: /opt/eclipse/plugins/org.eclipse.m2e.maven.runtime_3.9.900.20240824-1409/jars/plexus-build-api-1.2.0.jar
2024-09-24 21:00:48,011 [Worker-8: Launching mavenrun-c2674fda-7e15-4a9d-b991-e1c9dd754f0f] INFO  o.eclipse.m2e.core.internal.Bundles - 	Entry: /opt/eclipse/plugins/org.eclipse.m2e.maven.runtime_3.9.900.20240824-1409/jars/plexus-cipher-2.0.jar
2024-09-24 21:00:48,011 [Worker-8: Launching mavenrun-c2674fda-7e15-4a9d-b991-e1c9dd754f0f] INFO  o.eclipse.m2e.core.internal.Bundles - 	Entry: /opt/eclipse/plugins/org.eclipse.m2e.maven.runtime_3.9.900.20240824-1409/jars/plexus-classworlds-2.8.0.jar
2024-09-24 21:00:48,011 [Worker-8: Launching mavenrun-c2674fda-7e15-4a9d-b991-e1c9dd754f0f] INFO  o.eclipse.m2e.core.internal.Bundles - 	Entry: /opt/eclipse/plugins/org.eclipse.m2e.maven.runtime_3.9.900.20240824-1409/jars/plexus-component-annotations-2.1.0.jar
2024-09-24 21:00:48,011 [Worker-8: Launching mavenrun-c2674fda-7e15-4a9d-b991-e1c9dd754f0f] INFO  o.eclipse.m2e.core.internal.Bundles - 	Entry: /opt/eclipse/plugins/org.eclipse.m2e.maven.runtime_3.9.900.20240824-1409/jars/plexus-interpolation-1.27.jar
2024-09-24 21:00:48,011 [Worker-8: Launching mavenrun-c2674fda-7e15-4a9d-b991-e1c9dd754f0f] INFO  o.eclipse.m2e.core.internal.Bundles - 	Entry: /opt/eclipse/plugins/org.eclipse.m2e.maven.runtime_3.9.900.20240824-1409/jars/plexus-sec-dispatcher-2.0.jar
2024-09-24 21:00:48,012 [Worker-8: Launching mavenrun-c2674fda-7e15-4a9d-b991-e1c9dd754f0f] INFO  o.eclipse.m2e.core.internal.Bundles - 	Entry: /opt/eclipse/plugins/org.eclipse.m2e.maven.runtime_3.9.900.20240824-1409/jars/plexus-utils-3.5.1.jar
2024-09-24 21:00:48,012 [Worker-8: Launching mavenrun-c2674fda-7e15-4a9d-b991-e1c9dd754f0f] INFO  o.eclipse.m2e.core.internal.Bundles - 	Entry: /opt/eclipse/plugins/org.eclipse.m2e.maven.runtime_3.9.900.20240824-1409/jars/plexus-xml-3.0.1.jar
2024-09-24 21:00:48,012 [Worker-8: Launching mavenrun-c2674fda-7e15-4a9d-b991-e1c9dd754f0f] INFO  o.eclipse.m2e.core.internal.Bundles - 	Entry: /opt/eclipse/plugins/org.eclipse.m2e.maven.runtime_3.9.900.20240824-1409/jars/wagon-file-3.5.3.jar
2024-09-24 21:00:48,012 [Worker-8: Launching mavenrun-c2674fda-7e15-4a9d-b991-e1c9dd754f0f] INFO  o.eclipse.m2e.core.internal.Bundles - 	Entry: /opt/eclipse/plugins/org.eclipse.m2e.maven.runtime_3.9.900.20240824-1409/jars/wagon-http-3.5.3.jar
2024-09-24 21:00:48,012 [Worker-8: Launching mavenrun-c2674fda-7e15-4a9d-b991-e1c9dd754f0f] INFO  o.eclipse.m2e.core.internal.Bundles - 	Entry: /opt/eclipse/plugins/org.eclipse.m2e.maven.runtime_3.9.900.20240824-1409/jars/wagon-http-shared-3.5.3.jar
2024-09-24 21:00:48,012 [Worker-8: Launching mavenrun-c2674fda-7e15-4a9d-b991-e1c9dd754f0f] INFO  o.eclipse.m2e.core.internal.Bundles - 	Entry: /opt/eclipse/plugins/org.eclipse.m2e.maven.runtime_3.9.900.20240824-1409/jars/wagon-provider-api-3.5.3.jar
2024-09-24 21:00:48,013 [Worker-8: Launching mavenrun-c2674fda-7e15-4a9d-b991-e1c9dd754f0f] INFO  o.eclipse.m2e.core.internal.Bundles - getClasspathEntries(Bundle=com.google.guava_33.3.0.jre [16])
2024-09-24 21:00:48,013 [Worker-8: Launching mavenrun-c2674fda-7e15-4a9d-b991-e1c9dd754f0f] INFO  o.eclipse.m2e.core.internal.Bundles - 	Entry: /opt/eclipse/plugins/com.google.guava_33.3.0.jre.jar
2024-09-24 21:00:48,013 [Worker-8: Launching mavenrun-c2674fda-7e15-4a9d-b991-e1c9dd754f0f] INFO  o.eclipse.m2e.core.internal.Bundles - getClasspathEntries(Bundle=slf4j.api_2.0.16 [635])
2024-09-24 21:00:48,013 [Worker-8: Launching mavenrun-c2674fda-7e15-4a9d-b991-e1c9dd754f0f] INFO  o.eclipse.m2e.core.internal.Bundles - 	Entry: /opt/eclipse/plugins/slf4j.api_2.0.16.jar
2024-09-24 21:00:48,014 [Worker-8: Launching mavenrun-c2674fda-7e15-4a9d-b991-e1c9dd754f0f] INFO  o.eclipse.m2e.core.internal.Bundles - getClasspathEntries(Bundle=jakarta.inject.jakarta.inject-api_1.0.5 [30])
2024-09-24 21:00:48,014 [Worker-8: Launching mavenrun-c2674fda-7e15-4a9d-b991-e1c9dd754f0f] INFO  o.eclipse.m2e.core.internal.Bundles - 	Entry: /opt/eclipse/plugins/jakarta.inject.jakarta.inject-api_1.0.5.jar
2024-09-24 21:00:48,014 [Worker-8: Launching mavenrun-c2674fda-7e15-4a9d-b991-e1c9dd754f0f] INFO  o.eclipse.m2e.core.internal.Bundles - getClasspathEntries(Bundle=jakarta.annotation-api_1.3.5 [28])
2024-09-24 21:00:48,014 [Worker-8: Launching mavenrun-c2674fda-7e15-4a9d-b991-e1c9dd754f0f] INFO  o.eclipse.m2e.core.internal.Bundles - 	Entry: /opt/eclipse/plugins/jakarta.annotation-api_1.3.5.jar
2024-09-24 21:00:48,014 [Worker-8: Launching mavenrun-c2674fda-7e15-4a9d-b991-e1c9dd754f0f] INFO  o.eclipse.m2e.core.internal.Bundles - getClasspathEntries(Bundle=org.apache.commons.cli_1.9.0 [56])
2024-09-24 21:00:48,014 [Worker-8: Launching mavenrun-c2674fda-7e15-4a9d-b991-e1c9dd754f0f] INFO  o.eclipse.m2e.core.internal.Bundles - 	Entry: /opt/eclipse/plugins/org.apache.commons.cli_1.9.0.jar
2024-09-24 21:00:48,014 [Worker-8: Launching mavenrun-c2674fda-7e15-4a9d-b991-e1c9dd754f0f] INFO  o.eclipse.m2e.core.internal.Bundles - getClasspathEntries(Bundle=org.apache.commons.commons-codec_1.16.0 [59])
2024-09-24 21:00:48,014 [Worker-8: Launching mavenrun-c2674fda-7e15-4a9d-b991-e1c9dd754f0f] INFO  o.eclipse.m2e.core.internal.Bundles - 	Entry: /opt/eclipse/plugins/org.apache.commons.commons-codec_1.16.0.jar
2024-09-24 21:00:48,015 [Worker-8: Launching mavenrun-c2674fda-7e15-4a9d-b991-e1c9dd754f0f] INFO  o.eclipse.m2e.core.internal.Bundles - getClasspathEntries(Bundle=com.google.guava.failureaccess_1.0.2 [17])
2024-09-24 21:00:48,015 [Worker-8: Launching mavenrun-c2674fda-7e15-4a9d-b991-e1c9dd754f0f] INFO  o.eclipse.m2e.core.internal.Bundles - 	Entry: /opt/eclipse/plugins/com.google.guava.failureaccess_1.0.2.jar
2024-09-24 21:00:48,015 [Worker-8: Launching mavenrun-c2674fda-7e15-4a9d-b991-e1c9dd754f0f] INFO  o.e.m.i.launch.MavenLaunchDelegate - Run build in "/tmp/m2e-archetypeGenerator7701520606628241452":
2024-09-24 21:00:48,016 [Worker-8: Launching mavenrun-c2674fda-7e15-4a9d-b991-e1c9dd754f0f] INFO  o.e.m.i.launch.MavenLaunchDelegate -  mvn  -DarchetypeGroupId=org.apache.maven.archetypes -DarchetypeArtifactId=maven-archetype-plugin-site -DarchetypeVersion=1.1 -DgroupId=ar.com.educacionit -DartifactId=clase1 -Dversion=0.0.1-SNAPSHOT -Dpackage=ar.com.educacionit.clase1 -DoutputDirectory=/home/fernando/desarrollo/workspaceEucacionIT/clase1 -Dstyle.color=always -U archetype:generate
2024-09-24 21:01:07,614 [Worker-42: Creating maven-archetype-plugin-site] INFO  o.e.m.c.i.p.ProjectConfigurationManager - Collecting project info '/pom.xml' /home/fernando/desarrollo/workspaceEucacionIT/clase1/clase1/pom.xml
2024-09-24 21:01:07,833 [Worker-42: Creating maven-archetype-plugin-site] INFO  o.e.m.c.i.e.AbstractTransferListenerAdapter - Downloading https://repo.maven.apache.org/maven2/org/apache/maven/plugins/maven-surefire-plugin/3.2.5/maven-surefire-plugin-3.2.5.jar
2024-09-24 21:01:07,857 [Worker-42: Creating maven-archetype-plugin-site] INFO  o.e.m.c.i.e.AbstractTransferListenerAdapter - Downloaded https://repo.maven.apache.org/maven2/org/apache/maven/plugins/maven-surefire-plugin/3.2.5/maven-surefire-plugin-3.2.5.jar
2024-09-24 21:01:07,889 [Worker-42: Creating maven-archetype-plugin-site] INFO  o.e.m.c.i.e.AbstractTransferListenerAdapter - Downloading https://repo.maven.apache.org/maven2/org/apache/maven/plugins/maven-jar-plugin/3.4.1/maven-jar-plugin-3.4.1.jar
2024-09-24 21:01:07,893 [Worker-42: Creating maven-archetype-plugin-site] INFO  o.e.m.c.i.e.AbstractTransferListenerAdapter - Downloaded https://repo.maven.apache.org/maven2/org/apache/maven/plugins/maven-jar-plugin/3.4.1/maven-jar-plugin-3.4.1.jar
2024-09-24 21:01:08,050 [Worker-42: Creating maven-archetype-plugin-site] INFO  o.e.m.c.i.l.LifecycleMappingFactory - Using org.eclipse.m2e.jdt.JarLifecycleMapping lifecycle mapping for MavenProject: ar.com.educacionit:clase1:0.0.1-SNAPSHOT @ /home/fernando/desarrollo/workspaceEucacionIT/clase1/clase1/pom.xml.
2024-09-24 21:01:08,089 [Worker-42: Creating maven-archetype-plugin-site] INFO  o.e.m.c.i.e.AbstractTransferListenerAdapter - Downloading https://repo.maven.apache.org/maven2/org/apache/maven/plugins/maven-surefire-plugin/3.2.5/maven-surefire-plugin-3.2.5.pom
2024-09-24 21:01:08,090 [Worker-42: Creating maven-archetype-plugin-site] INFO  o.e.m.c.i.e.AbstractTransferListenerAdapter - Downloaded https://repo.maven.apache.org/maven2/org/apache/maven/plugins/maven-surefire-plugin/3.2.5/maven-surefire-plugin-3.2.5.pom
2024-09-24 21:01:08,116 [Worker-42: Creating maven-archetype-plugin-site] INFO  o.e.m.c.i.e.AbstractTransferListenerAdapter - Downloading https://repo.maven.apache.org/maven2/org/apache/maven/surefire/surefire/3.2.5/surefire-3.2.5.pom
2024-09-24 21:01:08,119 [Worker-42: Creating maven-archetype-plugin-site] INFO  o.e.m.c.i.e.AbstractTransferListenerAdapter - Downloaded https://repo.maven.apache.org/maven2/org/apache/maven/surefire/surefire/3.2.5/surefire-3.2.5.pom
2024-09-24 21:01:08,154 [Worker-42: Creating maven-archetype-plugin-site] INFO  o.e.m.c.i.e.AbstractTransferListenerAdapter - Downloading https://repo.maven.apache.org/maven2/org/apache/maven/plugins/maven-jar-plugin/3.4.1/maven-jar-plugin-3.4.1.pom
2024-09-24 21:01:08,155 [Worker-42: Creating maven-archetype-plugin-site] INFO  o.e.m.c.i.e.AbstractTransferListenerAdapter - Downloaded https://repo.maven.apache.org/maven2/org/apache/maven/plugins/maven-jar-plugin/3.4.1/maven-jar-plugin-3.4.1.pom
2024-09-24 21:01:08,416 [Worker-42: Creating maven-archetype-plugin-site] INFO  o.e.m.j.i.AbstractJavaProjectConfigurator - Adding source folder /clase1/src/main/java
2024-09-24 21:01:08,418 [Worker-42: Creating maven-archetype-plugin-site] INFO  o.e.m.j.i.AbstractJavaProjectConfigurator - Adding resource folder /clase1/src/main/resources
2024-09-24 21:01:08,419 [Worker-42: Creating maven-archetype-plugin-site] INFO  o.e.m.j.i.AbstractJavaProjectConfigurator - Adding source folder /clase1/src/test/java
2024-09-24 21:01:08,420 [Worker-42: Creating maven-archetype-plugin-site] INFO  o.e.m.j.i.AbstractJavaProjectConfigurator - Adding resource folder /clase1/src/test/resources
2024-09-24 21:01:08,492 [Worker-42: Creating maven-archetype-plugin-site] INFO  o.e.m.c.i.p.ProjectConfigurationManager - Imported and configured 1 project(s) in 0 sec
2024-09-24 21:01:08,906 [Worker-8: Building] INFO  o.a.m.s.f.DefaultMavenResourcesFiltering - skip non existing resourceDirectory /home/fernando/desarrollo/workspaceEucacionIT/clase1/clase1/src/main/resources
2024-09-24 21:01:08,909 [Worker-8: Building] INFO  o.a.m.s.f.DefaultMavenResourcesFiltering - skip non existing resourceDirectory /home/fernando/desarrollo/workspaceEucacionIT/clase1/clase1/src/test/resources
2024-09-24 21:02:47,366 [Worker-43: Building] INFO  o.e.m.c.i.l.LifecycleMappingFactory - Using org.eclipse.m2e.jdt.JarLifecycleMapping lifecycle mapping for MavenProject: ar.com.educacionit:clase1:0.0.1-SNAPSHOT @ /home/fernando/desarrollo/workspaceEucacionIT/clase1/clase1/pom.xml.
2024-09-24 21:02:47,451 [Worker-43: Building] INFO  o.e.m.c.i.e.AbstractTransferListenerAdapter - Downloading https://repo.maven.apache.org/maven2/org/hibernate/hibernate-core/5.4.30.Final/hibernate-core-5.4.30.Final.pom
2024-09-24 21:02:47,452 [Worker-43: Building] INFO  o.e.m.c.i.e.AbstractTransferListenerAdapter - Downloaded https://repo.maven.apache.org/maven2/org/hibernate/hibernate-core/5.4.30.Final/hibernate-core-5.4.30.Final.pom
2024-09-24 21:02:47,478 [Worker-43: Building] INFO  o.e.m.c.i.e.AbstractTransferListenerAdapter - Downloading https://repo.maven.apache.org/maven2/org/jboss/logging/jboss-logging/3.4.1.Final/jboss-logging-3.4.1.Final.pom
2024-09-24 21:02:47,480 [Worker-43: Building] INFO  o.e.m.c.i.e.AbstractTransferListenerAdapter - Downloaded https://repo.maven.apache.org/maven2/org/jboss/logging/jboss-logging/3.4.1.Final/jboss-logging-3.4.1.Final.pom
2024-09-24 21:02:47,515 [Worker-43: Building] INFO  o.e.m.c.i.e.AbstractTransferListenerAdapter - Downloading https://repo.maven.apache.org/maven2/org/javassist/javassist/3.27.0-GA/javassist-3.27.0-GA.pom
2024-09-24 21:02:47,517 [Worker-43: Building] INFO  o.e.m.c.i.e.AbstractTransferListenerAdapter - Downloaded https://repo.maven.apache.org/maven2/org/javassist/javassist/3.27.0-GA/javassist-3.27.0-GA.pom
2024-09-24 21:02:47,547 [Worker-43: Building] INFO  o.e.m.c.i.e.AbstractTransferListenerAdapter - Downloading https://repo.maven.apache.org/maven2/net/bytebuddy/byte-buddy/1.10.21/byte-buddy-1.10.21.pom
2024-09-24 21:02:47,550 [Worker-43: Building] INFO  o.e.m.c.i.e.AbstractTransferListenerAdapter - Downloaded https://repo.maven.apache.org/maven2/net/bytebuddy/byte-buddy/1.10.21/byte-buddy-1.10.21.pom
2024-09-24 21:02:47,579 [Worker-43: Building] INFO  o.e.m.c.i.e.AbstractTransferListenerAdapter - Downloading https://repo.maven.apache.org/maven2/net/bytebuddy/byte-buddy-parent/1.10.21/byte-buddy-parent-1.10.21.pom
2024-09-24 21:02:47,590 [Worker-43: Building] INFO  o.e.m.c.i.e.AbstractTransferListenerAdapter - Downloaded https://repo.maven.apache.org/maven2/net/bytebuddy/byte-buddy-parent/1.10.21/byte-buddy-parent-1.10.21.pom
2024-09-24 21:02:47,623 [Worker-43: Building] INFO  o.e.m.c.i.e.AbstractTransferListenerAdapter - Downloading https://repo.maven.apache.org/maven2/org/jboss/jandex/2.2.3.Final/jandex-2.2.3.Final.pom
2024-09-24 21:02:47,624 [Worker-43: Building] INFO  o.e.m.c.i.e.AbstractTransferListenerAdapter - Downloaded https://repo.maven.apache.org/maven2/org/jboss/jandex/2.2.3.Final/jandex-2.2.3.Final.pom
2024-09-24 21:02:47,659 [Worker-43: Building] INFO  o.e.m.c.i.e.AbstractTransferListenerAdapter - Downloading https://repo.maven.apache.org/maven2/org/dom4j/dom4j/2.1.3/dom4j-2.1.3.pom
2024-09-24 21:02:47,660 [Worker-43: Building] INFO  o.e.m.c.i.e.AbstractTransferListenerAdapter - Downloaded https://repo.maven.apache.org/maven2/org/dom4j/dom4j/2.1.3/dom4j-2.1.3.pom
2024-09-24 21:02:47,703 [Worker-43: Building] INFO  o.e.m.c.i.e.AbstractTransferListenerAdapter - Downloading https://repo.maven.apache.org/maven2/mysql/mysql-connector-java/8.0.23/mysql-connector-java-8.0.23.pom
2024-09-24 21:02:47,704 [Worker-43: Building] INFO  o.e.m.c.i.e.AbstractTransferListenerAdapter - Downloaded https://repo.maven.apache.org/maven2/mysql/mysql-connector-java/8.0.23/mysql-connector-java-8.0.23.pom
2024-09-24 21:02:47,731 [Worker-43: Building] INFO  o.e.m.c.i.e.AbstractTransferListenerAdapter - Downloading https://repo.maven.apache.org/maven2/com/google/protobuf/protobuf-java/3.11.4/protobuf-java-3.11.4.pom
2024-09-24 21:02:47,732 [Worker-43: Building] INFO  o.e.m.c.i.e.AbstractTransferListenerAdapter - Downloaded https://repo.maven.apache.org/maven2/com/google/protobuf/protobuf-java/3.11.4/protobuf-java-3.11.4.pom
2024-09-24 21:02:47,760 [Worker-43: Building] INFO  o.e.m.c.i.e.AbstractTransferListenerAdapter - Downloading https://repo.maven.apache.org/maven2/com/google/protobuf/protobuf-parent/3.11.4/protobuf-parent-3.11.4.pom
2024-09-24 21:02:47,762 [Worker-43: Building] INFO  o.e.m.c.i.e.AbstractTransferListenerAdapter - Downloaded https://repo.maven.apache.org/maven2/com/google/protobuf/protobuf-parent/3.11.4/protobuf-parent-3.11.4.pom
2024-09-24 21:02:47,791 [Worker-43: Building] INFO  o.e.m.c.i.e.AbstractTransferListenerAdapter - Downloading https://repo.maven.apache.org/maven2/com/google/protobuf/protobuf-bom/3.11.4/protobuf-bom-3.11.4.pom
2024-09-24 21:02:47,792 [Worker-43: Building] INFO  o.e.m.c.i.e.AbstractTransferListenerAdapter - Downloaded https://repo.maven.apache.org/maven2/com/google/protobuf/protobuf-bom/3.11.4/protobuf-bom-3.11.4.pom
2024-09-24 21:02:47,827 [Worker-43: Building] INFO  o.e.m.c.i.e.AbstractTransferListenerAdapter - Downloading https://repo.maven.apache.org/maven2/org/hibernate/hibernate-core/5.4.30.Final/hibernate-core-5.4.30.Final.jar
2024-09-24 21:02:48,087 [Worker-43: Building] INFO  o.e.m.c.i.e.AbstractTransferListenerAdapter - Downloaded https://repo.maven.apache.org/maven2/org/hibernate/hibernate-core/5.4.30.Final/hibernate-core-5.4.30.Final.jar
2024-09-24 21:02:48,116 [BasicRepositoryConnector-repo.maven.apache.org-0-1] INFO  o.e.m.c.i.e.AbstractTransferListenerAdapter - Downloading https://repo.maven.apache.org/maven2/org/javassist/javassist/3.27.0-GA/javassist-3.27.0-GA.jar
2024-09-24 21:02:48,137 [BasicRepositoryConnector-repo.maven.apache.org-0-1] INFO  o.e.m.c.i.e.AbstractTransferListenerAdapter - Downloaded https://repo.maven.apache.org/maven2/org/javassist/javassist/3.27.0-GA/javassist-3.27.0-GA.jar
2024-09-24 21:02:48,165 [BasicRepositoryConnector-repo.maven.apache.org-0-1] INFO  o.e.m.c.i.e.AbstractTransferListenerAdapter - Downloading https://repo.maven.apache.org/maven2/mysql/mysql-connector-java/8.0.23/mysql-connector-java-8.0.23.jar
2024-09-24 21:02:48,180 [BasicRepositoryConnector-repo.maven.apache.org-0-0] INFO  o.e.m.c.i.e.AbstractTransferListenerAdapter - Downloading https://repo.maven.apache.org/maven2/org/jboss/logging/jboss-logging/3.4.1.Final/jboss-logging-3.4.1.Final.jar
2024-09-24 21:02:48,184 [BasicRepositoryConnector-repo.maven.apache.org-0-3] INFO  o.e.m.c.i.e.AbstractTransferListenerAdapter - Downloading https://repo.maven.apache.org/maven2/org/jboss/jandex/2.2.3.Final/jandex-2.2.3.Final.jar
2024-09-24 21:02:48,184 [BasicRepositoryConnector-repo.maven.apache.org-0-4] INFO  o.e.m.c.i.e.AbstractTransferListenerAdapter - Downloading https://repo.maven.apache.org/maven2/org/dom4j/dom4j/2.1.3/dom4j-2.1.3.jar
2024-09-24 21:02:48,198 [BasicRepositoryConnector-repo.maven.apache.org-0-2] INFO  o.e.m.c.i.e.AbstractTransferListenerAdapter - Downloading https://repo.maven.apache.org/maven2/net/bytebuddy/byte-buddy/1.10.21/byte-buddy-1.10.21.jar
2024-09-24 21:02:48,234 [BasicRepositoryConnector-repo.maven.apache.org-0-1] INFO  o.e.m.c.i.e.AbstractTransferListenerAdapter - Downloaded https://repo.maven.apache.org/maven2/mysql/mysql-connector-java/8.0.23/mysql-connector-java-8.0.23.jar
2024-09-24 21:02:48,234 [BasicRepositoryConnector-repo.maven.apache.org-0-0] INFO  o.e.m.c.i.e.AbstractTransferListenerAdapter - Downloaded https://repo.maven.apache.org/maven2/org/jboss/logging/jboss-logging/3.4.1.Final/jboss-logging-3.4.1.Final.jar
2024-09-24 21:02:48,263 [BasicRepositoryConnector-repo.maven.apache.org-0-1] INFO  o.e.m.c.i.e.AbstractTransferListenerAdapter - Downloading https://repo.maven.apache.org/maven2/com/google/protobuf/protobuf-java/3.11.4/protobuf-java-3.11.4.jar
2024-09-24 21:02:48,300 [BasicRepositoryConnector-repo.maven.apache.org-0-3] INFO  o.e.m.c.i.e.AbstractTransferListenerAdapter - Downloaded https://repo.maven.apache.org/maven2/org/jboss/jandex/2.2.3.Final/jandex-2.2.3.Final.jar
2024-09-24 21:02:48,339 [BasicRepositoryConnector-repo.maven.apache.org-0-4] INFO  o.e.m.c.i.e.AbstractTransferListenerAdapter - Downloaded https://repo.maven.apache.org/maven2/org/dom4j/dom4j/2.1.3/dom4j-2.1.3.jar
2024-09-24 21:02:48,700 [BasicRepositoryConnector-repo.maven.apache.org-0-1] INFO  o.e.m.c.i.e.AbstractTransferListenerAdapter - Downloaded https://repo.maven.apache.org/maven2/com/google/protobuf/protobuf-java/3.11.4/protobuf-java-3.11.4.jar
2024-09-24 21:02:48,898 [BasicRepositoryConnector-repo.maven.apache.org-0-2] INFO  o.e.m.c.i.e.AbstractTransferListenerAdapter - Downloaded https://repo.maven.apache.org/maven2/net/bytebuddy/byte-buddy/1.10.21/byte-buddy-1.10.21.jar
2024-09-24 21:02:48,963 [Worker-43: Building] WARN  o.a.m.s.f.DefaultMavenResourcesFiltering - Using platform encoding (UTF-8 actually) to copy filtered resources, i.e. build is platform dependent!
2024-09-24 21:02:48,963 [Worker-43: Building] INFO  o.a.m.s.f.DefaultMavenResourcesFiltering - skip non existing resourceDirectory /home/fernando/desarrollo/workspaceEucacionIT/clase1/clase1/src/main/resources
2024-09-24 21:02:48,966 [Worker-43: Building] WARN  o.a.m.s.f.DefaultMavenResourcesFiltering - Using platform encoding (UTF-8 actually) to copy filtered resources, i.e. build is platform dependent!
2024-09-24 21:02:48,966 [Worker-43: Building] INFO  o.a.m.s.f.DefaultMavenResourcesFiltering - skip non existing resourceDirectory /home/fernando/desarrollo/workspaceEucacionIT/clase1/clase1/src/test/resources
2024-09-24 21:02:50,334 [Worker-42: Download sources and javadoc] INFO  o.e.m.c.i.e.AbstractTransferListenerAdapter - Downloading https://repo.maven.apache.org/maven2/org/hibernate/hibernate-core/5.4.30.Final/hibernate-core-5.4.30.Final-sources.jar
2024-09-24 21:02:50,565 [Worker-42: Download sources and javadoc] INFO  o.e.m.c.i.e.AbstractTransferListenerAdapter - Downloaded https://repo.maven.apache.org/maven2/org/hibernate/hibernate-core/5.4.30.Final/hibernate-core-5.4.30.Final-sources.jar
2024-09-24 21:02:50,567 [Worker-42: Download sources and javadoc] INFO  o.e.m.j.internal.DownloadSourcesJob - Downloaded sources for org.hibernate:hibernate-core:5.4.30.Final
2024-09-24 21:02:50,647 [Worker-42: Download sources and javadoc] INFO  o.e.m.c.i.e.AbstractTransferListenerAdapter - Downloading https://repo.maven.apache.org/maven2/org/jboss/logging/jboss-logging/3.4.1.Final/jboss-logging-3.4.1.Final-sources.jar
2024-09-24 21:02:50,671 [Worker-42: Download sources and javadoc] INFO  o.e.m.c.i.e.AbstractTransferListenerAdapter - Downloaded https://repo.maven.apache.org/maven2/org/jboss/logging/jboss-logging/3.4.1.Final/jboss-logging-3.4.1.Final-sources.jar
2024-09-24 21:02:50,672 [Worker-42: Download sources and javadoc] INFO  o.e.m.j.internal.DownloadSourcesJob - Downloaded sources for org.jboss.logging:jboss-logging:3.4.1.Final
2024-09-24 21:02:50,748 [Worker-42: Download sources and javadoc] INFO  o.e.m.c.i.e.AbstractTransferListenerAdapter - Downloading https://repo.maven.apache.org/maven2/org/javassist/javassist/3.27.0-GA/javassist-3.27.0-GA-sources.jar
2024-09-24 21:02:50,847 [Worker-42: Download sources and javadoc] INFO  o.e.m.c.i.e.AbstractTransferListenerAdapter - Downloaded https://repo.maven.apache.org/maven2/org/javassist/javassist/3.27.0-GA/javassist-3.27.0-GA-sources.jar
2024-09-24 21:02:50,848 [Worker-42: Download sources and javadoc] INFO  o.e.m.j.internal.DownloadSourcesJob - Downloaded sources for org.javassist:javassist:3.27.0-GA
2024-09-24 21:02:50,927 [Worker-42: Download sources and javadoc] INFO  o.e.m.c.i.e.AbstractTransferListenerAdapter - Downloading https://repo.maven.apache.org/maven2/net/bytebuddy/byte-buddy/1.10.21/byte-buddy-1.10.21-sources.jar
2024-09-24 21:02:51,050 [Worker-42: Download sources and javadoc] INFO  o.e.m.c.i.e.AbstractTransferListenerAdapter - Downloaded https://repo.maven.apache.org/maven2/net/bytebuddy/byte-buddy/1.10.21/byte-buddy-1.10.21-sources.jar
2024-09-24 21:02:51,051 [Worker-42: Download sources and javadoc] INFO  o.e.m.j.internal.DownloadSourcesJob - Downloaded sources for net.bytebuddy:byte-buddy:1.10.21
2024-09-24 21:02:51,127 [Worker-42: Download sources and javadoc] INFO  o.e.m.c.i.e.AbstractTransferListenerAdapter - Downloading https://repo.maven.apache.org/maven2/org/jboss/jandex/2.2.3.Final/jandex-2.2.3.Final-sources.jar
2024-09-24 21:02:51,183 [Worker-42: Download sources and javadoc] INFO  o.e.m.c.i.e.AbstractTransferListenerAdapter - Downloaded https://repo.maven.apache.org/maven2/org/jboss/jandex/2.2.3.Final/jandex-2.2.3.Final-sources.jar
2024-09-24 21:02:51,184 [Worker-42: Download sources and javadoc] INFO  o.e.m.j.internal.DownloadSourcesJob - Downloaded sources for org.jboss:jandex:2.2.3.Final
2024-09-24 21:02:51,263 [Worker-42: Download sources and javadoc] INFO  o.e.m.c.i.e.AbstractTransferListenerAdapter - Downloading https://repo.maven.apache.org/maven2/org/dom4j/dom4j/2.1.3/dom4j-2.1.3-sources.jar
2024-09-24 21:02:51,350 [Worker-42: Download sources and javadoc] INFO  o.e.m.c.i.e.AbstractTransferListenerAdapter - Downloaded https://repo.maven.apache.org/maven2/org/dom4j/dom4j/2.1.3/dom4j-2.1.3-sources.jar
2024-09-24 21:02:51,351 [Worker-42: Download sources and javadoc] INFO  o.e.m.j.internal.DownloadSourcesJob - Downloaded sources for org.dom4j:dom4j:2.1.3
2024-09-24 21:02:51,431 [Worker-42: Download sources and javadoc] INFO  o.e.m.c.i.e.AbstractTransferListenerAdapter - Downloading https://repo.maven.apache.org/maven2/org/glassfish/jaxb/jaxb-runtime/2.3.1/jaxb-runtime-2.3.1-sources.jar
2024-09-24 21:02:51,551 [Worker-42: Download sources and javadoc] INFO  o.e.m.c.i.e.AbstractTransferListenerAdapter - Downloaded https://repo.maven.apache.org/maven2/org/glassfish/jaxb/jaxb-runtime/2.3.1/jaxb-runtime-2.3.1-sources.jar
2024-09-24 21:02:51,552 [Worker-42: Download sources and javadoc] INFO  o.e.m.j.internal.DownloadSourcesJob - Downloaded sources for org.glassfish.jaxb:jaxb-runtime:2.3.1
2024-09-24 21:02:51,631 [Worker-42: Download sources and javadoc] INFO  o.e.m.c.i.e.AbstractTransferListenerAdapter - Downloading https://repo.maven.apache.org/maven2/org/glassfish/jaxb/txw2/2.3.1/txw2-2.3.1-sources.jar
2024-09-24 21:02:51,666 [Worker-42: Download sources and javadoc] INFO  o.e.m.c.i.e.AbstractTransferListenerAdapter - Downloaded https://repo.maven.apache.org/maven2/org/glassfish/jaxb/txw2/2.3.1/txw2-2.3.1-sources.jar
2024-09-24 21:02:51,667 [Worker-42: Download sources and javadoc] INFO  o.e.m.j.internal.DownloadSourcesJob - Downloaded sources for org.glassfish.jaxb:txw2:2.3.1
2024-09-24 21:02:51,743 [Worker-42: Download sources and javadoc] INFO  o.e.m.c.i.e.AbstractTransferListenerAdapter - Downloading https://repo.maven.apache.org/maven2/com/sun/istack/istack-commons-runtime/3.0.7/istack-commons-runtime-3.0.7-sources.jar
2024-09-24 21:02:51,751 [Worker-42: Download sources and javadoc] INFO  o.e.m.c.i.e.AbstractTransferListenerAdapter - Downloaded https://repo.maven.apache.org/maven2/com/sun/istack/istack-commons-runtime/3.0.7/istack-commons-runtime-3.0.7-sources.jar
2024-09-24 21:02:51,752 [Worker-42: Download sources and javadoc] INFO  o.e.m.j.internal.DownloadSourcesJob - Downloaded sources for com.sun.istack:istack-commons-runtime:3.0.7
2024-09-24 21:02:51,832 [Worker-42: Download sources and javadoc] INFO  o.e.m.c.i.e.AbstractTransferListenerAdapter - Downloading https://repo.maven.apache.org/maven2/org/jvnet/staxex/stax-ex/1.8/stax-ex-1.8-sources.jar
2024-09-24 21:02:51,858 [Worker-42: Download sources and javadoc] INFO  o.e.m.c.i.e.AbstractTransferListenerAdapter - Downloaded https://repo.maven.apache.org/maven2/org/jvnet/staxex/stax-ex/1.8/stax-ex-1.8-sources.jar
2024-09-24 21:02:51,859 [Worker-42: Download sources and javadoc] INFO  o.e.m.j.internal.DownloadSourcesJob - Downloaded sources for org.jvnet.staxex:stax-ex:1.8
2024-09-24 21:02:51,936 [Worker-42: Download sources and javadoc] INFO  o.e.m.c.i.e.AbstractTransferListenerAdapter - Downloading https://repo.maven.apache.org/maven2/com/sun/xml/fastinfoset/FastInfoset/1.2.15/FastInfoset-1.2.15-sources.jar
2024-09-24 21:02:52,010 [Worker-42: Download sources and javadoc] INFO  o.e.m.c.i.e.AbstractTransferListenerAdapter - Downloaded https://repo.maven.apache.org/maven2/com/sun/xml/fastinfoset/FastInfoset/1.2.15/FastInfoset-1.2.15-sources.jar
2024-09-24 21:02:52,011 [Worker-42: Download sources and javadoc] INFO  o.e.m.j.internal.DownloadSourcesJob - Downloaded sources for com.sun.xml.fastinfoset:FastInfoset:1.2.15
2024-09-24 21:02:52,947 [Worker-42: Download sources and javadoc] INFO  o.e.m.c.i.e.AbstractTransferListenerAdapter - Downloading https://repo.maven.apache.org/maven2/mysql/mysql-connector-java/8.0.23/mysql-connector-java-8.0.23-sources.jar
2024-09-24 21:02:53,078 [Worker-42: Download sources and javadoc] INFO  o.e.m.c.i.e.AbstractTransferListenerAdapter - Downloaded https://repo.maven.apache.org/maven2/mysql/mysql-connector-java/8.0.23/mysql-connector-java-8.0.23-sources.jar
2024-09-24 21:02:53,079 [Worker-42: Download sources and javadoc] INFO  o.e.m.j.internal.DownloadSourcesJob - Downloaded sources for mysql:mysql-connector-java:8.0.23
2024-09-24 21:02:53,160 [Worker-42: Download sources and javadoc] INFO  o.e.m.c.i.e.AbstractTransferListenerAdapter - Downloading https://repo.maven.apache.org/maven2/com/google/protobuf/protobuf-java/3.11.4/protobuf-java-3.11.4-sources.jar
2024-09-24 21:02:53,273 [Worker-42: Download sources and javadoc] INFO  o.e.m.c.i.e.AbstractTransferListenerAdapter - Downloaded https://repo.maven.apache.org/maven2/com/google/protobuf/protobuf-java/3.11.4/protobuf-java-3.11.4-sources.jar
2024-09-24 21:02:53,274 [Worker-42: Download sources and javadoc] INFO  o.e.m.j.internal.DownloadSourcesJob - Downloaded sources for com.google.protobuf:protobuf-java:3.11.4
2024-09-24 21:05:06,961 [Worker-39: Building] WARN  o.a.m.s.f.DefaultMavenResourcesFiltering - Using platform encoding (UTF-8 actually) to copy filtered resources, i.e. build is platform dependent!
2024-09-24 21:05:06,963 [Worker-39: Building] INFO  o.a.m.s.f.DefaultMavenResourcesFiltering - Copying 0 resource from src/main/resources to target/classes
2024-09-24 21:05:06,964 [Worker-39: Building] WARN  o.a.m.s.f.DefaultMavenResourcesFiltering - Using platform encoding (UTF-8 actually) to copy filtered resources, i.e. build is platform dependent!
2024-09-24 21:05:06,964 [Worker-39: Building] INFO  o.a.m.s.f.DefaultMavenResourcesFiltering - skip non existing resourceDirectory /home/fernando/desarrollo/workspaceEucacionIT/clase1/clase1/src/test/resources
2024-09-24 21:05:47,311 [Worker-39: Building] WARN  o.a.m.s.f.DefaultMavenResourcesFiltering - Using platform encoding (UTF-8 actually) to copy filtered resources, i.e. build is platform dependent!
2024-09-24 21:05:47,314 [Worker-39: Building] INFO  o.a.m.s.f.DefaultMavenResourcesFiltering - Copying 1 resource from src/main/resources to target/classes
2024-09-24 21:05:47,325 [Worker-39: Building] WARN  o.a.m.s.f.DefaultMavenResourcesFiltering - Using platform encoding (UTF-8 actually) to copy filtered resources, i.e. build is platform dependent!
2024-09-24 21:05:47,325 [Worker-39: Building] INFO  o.a.m.s.f.DefaultMavenResourcesFiltering - skip non existing resourceDirectory /home/fernando/desarrollo/workspaceEucacionIT/clase1/clase1/src/test/resources
2024-09-24 21:06:30,504 [Worker-45: Building] WARN  o.a.m.s.f.DefaultMavenResourcesFiltering - Using platform encoding (UTF-8 actually) to copy filtered resources, i.e. build is platform dependent!
2024-09-24 21:06:30,504 [Worker-45: Building] INFO  o.a.m.s.f.DefaultMavenResourcesFiltering - Copying 1 resource from src/main/resources to target/classes
2024-09-24 21:06:30,506 [Worker-45: Building] WARN  o.a.m.s.f.DefaultMavenResourcesFiltering - Using platform encoding (UTF-8 actually) to copy filtered resources, i.e. build is platform dependent!
2024-09-24 21:06:30,506 [Worker-45: Building] INFO  o.a.m.s.f.DefaultMavenResourcesFiltering - skip non existing resourceDirectory /home/fernando/desarrollo/workspaceEucacionIT/clase1/clase1/src/test/resources
2024-09-24 21:08:50,327 [Worker-46: Building] WARN  o.a.m.s.f.DefaultMavenResourcesFiltering - Using platform encoding (UTF-8 actually) to copy filtered resources, i.e. build is platform dependent!
2024-09-24 21:08:50,327 [Worker-46: Building] INFO  o.a.m.s.f.DefaultMavenResourcesFiltering - Copying 1 resource from src/main/resources to target/classes
2024-09-24 21:08:50,329 [Worker-46: Building] WARN  o.a.m.s.f.DefaultMavenResourcesFiltering - Using platform encoding (UTF-8 actually) to copy filtered resources, i.e. build is platform dependent!
2024-09-24 21:08:50,329 [Worker-46: Building] INFO  o.a.m.s.f.DefaultMavenResourcesFiltering - skip non existing resourceDirectory /home/fernando/desarrollo/workspaceEucacionIT/clase1/clase1/src/test/resources
2024-09-24 21:10:10,462 [Worker-39: Building] WARN  o.a.m.s.f.DefaultMavenResourcesFiltering - Using platform encoding (UTF-8 actually) to copy filtered resources, i.e. build is platform dependent!
2024-09-24 21:10:10,463 [Worker-39: Building] INFO  o.a.m.s.f.DefaultMavenResourcesFiltering - Copying 1 resource from src/main/resources to target/classes
2024-09-24 21:10:10,464 [Worker-39: Building] WARN  o.a.m.s.f.DefaultMavenResourcesFiltering - Using platform encoding (UTF-8 actually) to copy filtered resources, i.e. build is platform dependent!
2024-09-24 21:10:10,464 [Worker-39: Building] INFO  o.a.m.s.f.DefaultMavenResourcesFiltering - skip non existing resourceDirectory /home/fernando/desarrollo/workspaceEucacionIT/clase1/clase1/src/test/resources
2024-09-24 21:14:21,885 [Worker-49: Building] WARN  o.a.m.s.f.DefaultMavenResourcesFiltering - Using platform encoding (UTF-8 actually) to copy filtered resources, i.e. build is platform dependent!
2024-09-24 21:14:21,886 [Worker-49: Building] INFO  o.a.m.s.f.DefaultMavenResourcesFiltering - Copying 1 resource from src/main/resources to target/classes
2024-09-24 21:14:21,887 [Worker-49: Building] WARN  o.a.m.s.f.DefaultMavenResourcesFiltering - Using platform encoding (UTF-8 actually) to copy filtered resources, i.e. build is platform dependent!
2024-09-24 21:14:21,888 [Worker-49: Building] INFO  o.a.m.s.f.DefaultMavenResourcesFiltering - skip non existing resourceDirectory /home/fernando/desarrollo/workspaceEucacionIT/clase1/clase1/src/test/resources
2024-09-24 21:14:47,526 [Worker-46: Building] WARN  o.a.m.s.f.DefaultMavenResourcesFiltering - Using platform encoding (UTF-8 actually) to copy filtered resources, i.e. build is platform dependent!
2024-09-24 21:14:47,527 [Worker-46: Building] INFO  o.a.m.s.f.DefaultMavenResourcesFiltering - Copying 1 resource from src/main/resources to target/classes
2024-09-24 21:14:47,528 [Worker-46: Building] WARN  o.a.m.s.f.DefaultMavenResourcesFiltering - Using platform encoding (UTF-8 actually) to copy filtered resources, i.e. build is platform dependent!
2024-09-24 21:14:47,529 [Worker-46: Building] INFO  o.a.m.s.f.DefaultMavenResourcesFiltering - skip non existing resourceDirectory /home/fernando/desarrollo/workspaceEucacionIT/clase1/clase1/src/test/resources
2024-09-24 21:18:10,948 [Worker-39: Building] WARN  o.a.m.s.f.DefaultMavenResourcesFiltering - Using platform encoding (UTF-8 actually) to copy filtered resources, i.e. build is platform dependent!
2024-09-24 21:18:10,949 [Worker-39: Building] INFO  o.a.m.s.f.DefaultMavenResourcesFiltering - Copying 1 resource from src/main/resources to target/classes
2024-09-24 21:18:10,950 [Worker-39: Building] WARN  o.a.m.s.f.DefaultMavenResourcesFiltering - Using platform encoding (UTF-8 actually) to copy filtered resources, i.e. build is platform dependent!
2024-09-24 21:18:10,950 [Worker-39: Building] INFO  o.a.m.s.f.DefaultMavenResourcesFiltering - skip non existing resourceDirectory /home/fernando/desarrollo/workspaceEucacionIT/clase1/clase1/src/test/resources
2024-09-24 21:18:41,642 [Worker-52: Building] WARN  o.a.m.s.f.DefaultMavenResourcesFiltering - Using platform encoding (UTF-8 actually) to copy filtered resources, i.e. build is platform dependent!
2024-09-24 21:18:41,643 [Worker-52: Building] INFO  o.a.m.s.f.DefaultMavenResourcesFiltering - Copying 1 resource from src/main/resources to target/classes
2024-09-24 21:18:41,644 [Worker-52: Building] WARN  o.a.m.s.f.DefaultMavenResourcesFiltering - Using platform encoding (UTF-8 actually) to copy filtered resources, i.e. build is platform dependent!
2024-09-24 21:18:41,644 [Worker-52: Building] INFO  o.a.m.s.f.DefaultMavenResourcesFiltering - skip non existing resourceDirectory /home/fernando/desarrollo/workspaceEucacionIT/clase1/clase1/src/test/resources
2024-09-24 21:19:50,980 [Worker-49: Building] WARN  o.a.m.s.f.DefaultMavenResourcesFiltering - Using platform encoding (UTF-8 actually) to copy filtered resources, i.e. build is platform dependent!
2024-09-24 21:19:50,980 [Worker-49: Building] INFO  o.a.m.s.f.DefaultMavenResourcesFiltering - Copying 1 resource from src/main/resources to target/classes
2024-09-24 21:19:50,982 [Worker-49: Building] WARN  o.a.m.s.f.DefaultMavenResourcesFiltering - Using platform encoding (UTF-8 actually) to copy filtered resources, i.e. build is platform dependent!
2024-09-24 21:19:50,982 [Worker-49: Building] INFO  o.a.m.s.f.DefaultMavenResourcesFiltering - skip non existing resourceDirectory /home/fernando/desarrollo/workspaceEucacionIT/clase1/clase1/src/test/resources
2024-09-24 21:26:01,646 [Worker-54: Building] WARN  o.a.m.s.f.DefaultMavenResourcesFiltering - Using platform encoding (UTF-8 actually) to copy filtered resources, i.e. build is platform dependent!
2024-09-24 21:26:01,647 [Worker-54: Building] INFO  o.a.m.s.f.DefaultMavenResourcesFiltering - Copying 1 resource from src/main/resources to target/classes
2024-09-24 21:26:01,649 [Worker-54: Building] WARN  o.a.m.s.f.DefaultMavenResourcesFiltering - Using platform encoding (UTF-8 actually) to copy filtered resources, i.e. build is platform dependent!
2024-09-24 21:26:01,649 [Worker-54: Building] INFO  o.a.m.s.f.DefaultMavenResourcesFiltering - skip non existing resourceDirectory /home/fernando/desarrollo/workspaceEucacionIT/clase1/clase1/src/test/resources
2024-09-24 21:26:33,615 [Worker-53: Building] WARN  o.a.m.s.f.DefaultMavenResourcesFiltering - Using platform encoding (UTF-8 actually) to copy filtered resources, i.e. build is platform dependent!
2024-09-24 21:26:33,616 [Worker-53: Building] INFO  o.a.m.s.f.DefaultMavenResourcesFiltering - Copying 1 resource from src/main/resources to target/classes
2024-09-24 21:26:33,618 [Worker-53: Building] WARN  o.a.m.s.f.DefaultMavenResourcesFiltering - Using platform encoding (UTF-8 actually) to copy filtered resources, i.e. build is platform dependent!
2024-09-24 21:26:33,618 [Worker-53: Building] INFO  o.a.m.s.f.DefaultMavenResourcesFiltering - skip non existing resourceDirectory /home/fernando/desarrollo/workspaceEucacionIT/clase1/clase1/src/test/resources
2024-09-24 21:26:46,244 [Worker-50: Building] WARN  o.a.m.s.f.DefaultMavenResourcesFiltering - Using platform encoding (UTF-8 actually) to copy filtered resources, i.e. build is platform dependent!
2024-09-24 21:26:46,245 [Worker-50: Building] INFO  o.a.m.s.f.DefaultMavenResourcesFiltering - Copying 1 resource from src/main/resources to target/classes
2024-09-24 21:26:46,246 [Worker-50: Building] WARN  o.a.m.s.f.DefaultMavenResourcesFiltering - Using platform encoding (UTF-8 actually) to copy filtered resources, i.e. build is platform dependent!
2024-09-24 21:26:46,246 [Worker-50: Building] INFO  o.a.m.s.f.DefaultMavenResourcesFiltering - skip non existing resourceDirectory /home/fernando/desarrollo/workspaceEucacionIT/clase1/clase1/src/test/resources
2024-09-24 21:27:05,536 [Worker-50: Building] WARN  o.a.m.s.f.DefaultMavenResourcesFiltering - Using platform encoding (UTF-8 actually) to copy filtered resources, i.e. build is platform dependent!
2024-09-24 21:27:05,536 [Worker-50: Building] INFO  o.a.m.s.f.DefaultMavenResourcesFiltering - Copying 1 resource from src/main/resources to target/classes
2024-09-24 21:27:05,537 [Worker-50: Building] WARN  o.a.m.s.f.DefaultMavenResourcesFiltering - Using platform encoding (UTF-8 actually) to copy filtered resources, i.e. build is platform dependent!
2024-09-24 21:27:05,538 [Worker-50: Building] INFO  o.a.m.s.f.DefaultMavenResourcesFiltering - skip non existing resourceDirectory /home/fernando/desarrollo/workspaceEucacionIT/clase1/clase1/src/test/resources
2024-09-24 21:28:04,009 [Worker-53: Building] WARN  o.a.m.s.f.DefaultMavenResourcesFiltering - Using platform encoding (UTF-8 actually) to copy filtered resources, i.e. build is platform dependent!
2024-09-24 21:28:04,009 [Worker-53: Building] INFO  o.a.m.s.f.DefaultMavenResourcesFiltering - Copying 1 resource from src/main/resources to target/classes
2024-09-24 21:28:04,011 [Worker-53: Building] WARN  o.a.m.s.f.DefaultMavenResourcesFiltering - Using platform encoding (UTF-8 actually) to copy filtered resources, i.e. build is platform dependent!
2024-09-24 21:28:04,011 [Worker-53: Building] INFO  o.a.m.s.f.DefaultMavenResourcesFiltering - skip non existing resourceDirectory /home/fernando/desarrollo/workspaceEucacionIT/clase1/clase1/src/test/resources
2024-09-24 21:29:41,410 [Worker-54: Building] WARN  o.a.m.s.f.DefaultMavenResourcesFiltering - Using platform encoding (UTF-8 actually) to copy filtered resources, i.e. build is platform dependent!
2024-09-24 21:29:41,410 [Worker-54: Building] INFO  o.a.m.s.f.DefaultMavenResourcesFiltering - Copying 1 resource from src/main/resources to target/classes
2024-09-24 21:29:41,412 [Worker-54: Building] WARN  o.a.m.s.f.DefaultMavenResourcesFiltering - Using platform encoding (UTF-8 actually) to copy filtered resources, i.e. build is platform dependent!
2024-09-24 21:29:41,412 [Worker-54: Building] INFO  o.a.m.s.f.DefaultMavenResourcesFiltering - skip non existing resourceDirectory /home/fernando/desarrollo/workspaceEucacionIT/clase1/clase1/src/test/resources
2024-09-24 21:29:58,769 [Worker-55: Building] WARN  o.a.m.s.f.DefaultMavenResourcesFiltering - Using platform encoding (UTF-8 actually) to copy filtered resources, i.e. build is platform dependent!
2024-09-24 21:29:58,770 [Worker-55: Building] INFO  o.a.m.s.f.DefaultMavenResourcesFiltering - Copying 1 resource from src/main/resources to target/classes
2024-09-24 21:29:58,771 [Worker-55: Building] WARN  o.a.m.s.f.DefaultMavenResourcesFiltering - Using platform encoding (UTF-8 actually) to copy filtered resources, i.e. build is platform dependent!
2024-09-24 21:29:58,771 [Worker-55: Building] INFO  o.a.m.s.f.DefaultMavenResourcesFiltering - skip non existing resourceDirectory /home/fernando/desarrollo/workspaceEucacionIT/clase1/clase1/src/test/resources
